#
# There is insufficient memory for the Java Runtime Environment to continue.
# Native memory allocation (malloc) failed to allocate 1136016 bytes. Error detail: Chunk::new
# Possible reasons:
#   The system is out of physical RAM or swap space
#   This process is running with CompressedOops enabled, and the Java Heap may be blocking the growth of the native heap
# Possible solutions:
#   Reduce memory load on the system
#   Increase physical memory or swap space
#   Check if swap backing store is full
#   Decrease Java heap size (-Xmx/-Xms)
#   Decrease number of Java threads
#   Decrease Java thread stack sizes (-Xss)
#   Set larger code cache with -XX:ReservedCodeCacheSize=
#   JVM is running with Unscaled Compressed Oops mode in which the Java heap is
#     placed in the first 4GB address space. The Java Heap base address is the
#     maximum limit for the native heap growth. Please use -XX:HeapBaseMinAddress
#     to set the Java Heap base and to place the Java Heap above 4GB virtual address.
# This output file may be truncated or incomplete.
#
#  Out of Memory Error (arena.cpp:168), pid=19600, tid=19420
#
# JRE version: OpenJDK Runtime Environment Temurin-21.0.8+9 (21.0.8+9) (build 21.0.8+9-LTS)
# Java VM: OpenJDK 64-Bit Server VM Temurin-21.0.8+9 (21.0.8+9-LTS, mixed mode, sharing, tiered, compressed oops, compressed class ptrs, parallel gc, windows-amd64)
# No core dump will be written. Minidumps are not enabled by default on client versions of Windows
#

---------------  S U M M A R Y ------------

Command Line: --add-modules=ALL-SYSTEM --add-opens=java.base/java.util=ALL-UNNAMED --add-opens=java.base/java.lang=ALL-UNNAMED --add-opens=java.base/sun.nio.fs=ALL-UNNAMED -Declipse.application=org.eclipse.jdt.ls.core.id1 -Dosgi.bundles.defaultStartLevel=4 -Declipse.product=org.eclipse.jdt.ls.core.product -Djava.import.generatesMetadataFilesAtProjectRoot=false -DDetectVMInstallationsJob.disabled=true -Dfile.encoding=utf8 -XX:+UseParallelGC -XX:GCTimeRatio=4 -XX:AdaptiveSizePolicyWeight=90 -Dsun.zip.disableMemoryMapping=true -Xmx2G -Xms100m -Xlog:disable -javaagent:c:\Users\Abdul\.vscode\extensions\redhat.java-1.46.0-win32-x64\lombok\lombok-1.18.39-4050.jar -XX:+HeapDumpOnOutOfMemoryError -XX:HeapDumpPath=c:\Users\Abdul\AppData\Roaming\Code\User\workspaceStorage\8d889403ec5712c6a65044310416f253\redhat.java -Daether.dependencyCollector.impl=bf c:\Users\Abdul\.vscode\extensions\redhat.java-1.46.0-win32-x64\server\plugins\org.eclipse.equinox.launcher_1.7.0.v20250519-0528.jar -configuration c:\Users\Abdul\AppData\Roaming\Code\User\globalStorage\redhat.java\1.46.0\config_win -data c:\Users\Abdul\AppData\Roaming\Code\User\workspaceStorage\8d889403ec5712c6a65044310416f253\redhat.java\jdt_ws --pipe=\\.\pipe\lsp-9c624e101b8b6c4a788845d43f46f70e-sock

Host: AMD Ryzen 5 7430U with Radeon Graphics         , 12 cores, 13G,  Windows 11 , 64 bit Build 26100 (10.0.26100.5074)
Time: Tue Oct 28 01:09:36 2025 GMT Standard Time elapsed time: 13.081097 seconds (0d 0h 0m 13s)

---------------  T H R E A D  ---------------

Current thread (0x00000285ffb587e0):  JavaThread "C2 CompilerThread1" daemon [_thread_in_native, id=19420, stack(0x0000008e4ed00000,0x0000008e4ee00000) (1024K)]


Current CompileTask:
C2:13081 4135       4       org.eclipse.osgi.internal.serviceregistry.ServiceRegistry::notifyHooksPrivileged (57 bytes)

Stack: [0x0000008e4ed00000,0x0000008e4ee00000]
Native frames: (J=compiled Java code, j=interpreted, Vv=VM code, C=native code)
V  [jvm.dll+0x6d2449]
V  [jvm.dll+0x8ae341]
V  [jvm.dll+0x8b08be]
V  [jvm.dll+0x8b0fa3]
V  [jvm.dll+0x280c96]
V  [jvm.dll+0xc581d]
V  [jvm.dll+0xc5d53]
V  [jvm.dll+0x3b9162]
V  [jvm.dll+0x385315]
V  [jvm.dll+0x38477a]
V  [jvm.dll+0x248ed0]
V  [jvm.dll+0x2484af]
V  [jvm.dll+0x1c89ee]
V  [jvm.dll+0x257d4d]
V  [jvm.dll+0x2562ea]
V  [jvm.dll+0x3f2d16]
V  [jvm.dll+0x857e6b]
V  [jvm.dll+0x6d0b0d]
C  [ucrtbase.dll+0x37b0]
C  [KERNEL32.DLL+0x2e8d7]
C  [ntdll.dll+0x8d9c]


---------------  P R O C E S S  ---------------

Threads class SMR info:
_java_thread_list=0x00000285d693fc90, length=26, elements={
0x00000285f5fe01a0, 0x00000285ff8748b0, 0x00000285ff875650, 0x00000285ff875f50,
0x00000285ff876d20, 0x00000285ff8851e0, 0x00000285ff88b920, 0x00000285ff899ed0,
0x00000285ff89ad50, 0x00000285ff88c640, 0x00000285ff88bfb0, 0x00000285ff88a570,
0x00000285ff88ac00, 0x00000285ff88b290, 0x00000285ff88d9f0, 0x00000285ff88ccd0,
0x00000285d4aa0bc0, 0x00000285ffb587e0, 0x00000285d4a9f810, 0x00000285d4aa1250,
0x00000285d4aa18e0, 0x00000285d4aa0530, 0x00000285d4a9eaf0, 0x00000285d624cb30,
0x00000285d4aa2600, 0x00000285d4a9f180
}

Java Threads: ( => current thread )
  0x00000285f5fe01a0 JavaThread "main"                              [_thread_blocked, id=7664, stack(0x0000008e4d000000,0x0000008e4d100000) (1024K)]
  0x00000285ff8748b0 JavaThread "Reference Handler"          daemon [_thread_blocked, id=19836, stack(0x0000008e4d400000,0x0000008e4d500000) (1024K)]
  0x00000285ff875650 JavaThread "Finalizer"                  daemon [_thread_blocked, id=2796, stack(0x0000008e4d500000,0x0000008e4d600000) (1024K)]
  0x00000285ff875f50 JavaThread "Signal Dispatcher"          daemon [_thread_blocked, id=22676, stack(0x0000008e4d600000,0x0000008e4d700000) (1024K)]
  0x00000285ff876d20 JavaThread "Attach Listener"            daemon [_thread_blocked, id=7444, stack(0x0000008e4d700000,0x0000008e4d800000) (1024K)]
  0x00000285ff8851e0 JavaThread "Service Thread"             daemon [_thread_blocked, id=17088, stack(0x0000008e4d800000,0x0000008e4d900000) (1024K)]
  0x00000285ff88b920 JavaThread "Monitor Deflation Thread"   daemon [_thread_blocked, id=22216, stack(0x0000008e4d900000,0x0000008e4da00000) (1024K)]
  0x00000285ff899ed0 JavaThread "C2 CompilerThread0"         daemon [_thread_in_native, id=14544, stack(0x0000008e4da00000,0x0000008e4db00000) (1024K)]
  0x00000285ff89ad50 JavaThread "C1 CompilerThread0"         daemon [_thread_blocked, id=13036, stack(0x0000008e4db00000,0x0000008e4dc00000) (1024K)]
  0x00000285ff88c640 JavaThread "Common-Cleaner"             daemon [_thread_blocked, id=21572, stack(0x0000008e4dc00000,0x0000008e4dd00000) (1024K)]
  0x00000285ff88bfb0 JavaThread "Notification Thread"        daemon [_thread_blocked, id=17924, stack(0x0000008e4de00000,0x0000008e4df00000) (1024K)]
  0x00000285ff88a570 JavaThread "Active Thread: Equinox Container: b068ba9c-faa5-4169-8a86-6e8c43f5abbb"        [_thread_blocked, id=18632, stack(0x0000008e4e600000,0x0000008e4e700000) (1024K)]
  0x00000285ff88ac00 JavaThread "Refresh Thread: Equinox Container: b068ba9c-faa5-4169-8a86-6e8c43f5abbb" daemon [_thread_blocked, id=6344, stack(0x0000008e4dd00000,0x0000008e4de00000) (1024K)]
  0x00000285ff88b290 JavaThread "Framework Event Dispatcher: Equinox Container: b068ba9c-faa5-4169-8a86-6e8c43f5abbb" daemon [_thread_blocked, id=18960, stack(0x0000008e4e700000,0x0000008e4e800000) (1024K)]
  0x00000285ff88d9f0 JavaThread "Start Level: Equinox Container: b068ba9c-faa5-4169-8a86-6e8c43f5abbb" daemon [_thread_in_vm, id=19664, stack(0x0000008e4e800000,0x0000008e4e900000) (1024K)]
  0x00000285ff88ccd0 JavaThread "Bundle File Closer"         daemon [_thread_blocked, id=4316, stack(0x0000008e4ec00000,0x0000008e4ed00000) (1024K)]
  0x00000285d4aa0bc0 JavaThread "SCR Component Actor"        daemon [_thread_blocked, id=10696, stack(0x0000008e4e900000,0x0000008e4ea00000) (1024K)]
=>0x00000285ffb587e0 JavaThread "C2 CompilerThread1"         daemon [_thread_in_native, id=19420, stack(0x0000008e4ed00000,0x0000008e4ee00000) (1024K)]
  0x00000285d4a9f810 JavaThread "Worker-JM"                         [_thread_blocked, id=23604, stack(0x0000008e4ee00000,0x0000008e4ef00000) (1024K)]
  0x00000285d4aa1250 JavaThread "JNA Cleaner"                daemon [_thread_blocked, id=22780, stack(0x0000008e4ef00000,0x0000008e4f000000) (1024K)]
  0x00000285d4aa18e0 JavaThread "Worker-0: Repository registry initialization"        [_thread_in_Java, id=1504, stack(0x0000008e4f000000,0x0000008e4f100000) (1024K)]
  0x00000285d4aa0530 JavaThread "Worker-1: Updating Maven Dependencies"        [_thread_blocked, id=18700, stack(0x0000008e4f100000,0x0000008e4f200000) (1024K)]
  0x00000285d4a9eaf0 JavaThread "Java indexing"              daemon [_thread_blocked, id=14776, stack(0x0000008e4f200000,0x0000008e4f300000) (1024K)]
  0x00000285d624cb30 JavaThread "C2 CompilerThread2"         daemon [_thread_in_native, id=22776, stack(0x0000008e4f300000,0x0000008e4f400000) (1024K)]
  0x00000285d4aa2600 JavaThread "Worker-2"                          [_thread_blocked, id=9064, stack(0x0000008e4f400000,0x0000008e4f500000) (1024K)]
  0x00000285d4a9f180 JavaThread "Worker-3"                          [_thread_blocked, id=18672, stack(0x0000008e4f500000,0x0000008e4f600000) (1024K)]
Total: 26

Other Threads:
  0x00000285f3c4ec10 VMThread "VM Thread"                           [id=13612, stack(0x0000008e4d300000,0x0000008e4d400000) (1024K)]
  0x00000285f5e6ca00 WatcherThread "VM Periodic Task Thread"        [id=22556, stack(0x0000008e4d200000,0x0000008e4d300000) (1024K)]
  0x00000285f5ffe4d0 WorkerThread "GC Thread#0"                     [id=2340, stack(0x0000008e4d100000,0x0000008e4d200000) (1024K)]
  0x00000285d47150b0 WorkerThread "GC Thread#1"                     [id=14820, stack(0x0000008e4e000000,0x0000008e4e100000) (1024K)]
  0x00000285d49b8080 WorkerThread "GC Thread#2"                     [id=22036, stack(0x0000008e4e100000,0x0000008e4e200000) (1024K)]
  0x00000285d49b8420 WorkerThread "GC Thread#3"                     [id=23868, stack(0x0000008e4e200000,0x0000008e4e300000) (1024K)]
  0x00000285d49b8bc0 WorkerThread "GC Thread#4"                     [id=20720, stack(0x0000008e4e300000,0x0000008e4e400000) (1024K)]
  0x00000285d47dd7a0 WorkerThread "GC Thread#5"                     [id=13136, stack(0x0000008e4e400000,0x0000008e4e500000) (1024K)]
  0x00000285d47de150 WorkerThread "GC Thread#6"                     [id=5328, stack(0x0000008e4e500000,0x0000008e4e600000) (1024K)]
  0x00000285d4749b40 WorkerThread "GC Thread#7"                     [id=23568, stack(0x0000008e4df00000,0x0000008e4e000000) (1024K)]
  0x00000285d474b4a0 WorkerThread "GC Thread#8"                     [id=16276, stack(0x0000008e4ea00000,0x0000008e4eb00000) (1024K)]
  0x00000285d4749ee0 WorkerThread "GC Thread#9"                     [id=14272, stack(0x0000008e4eb00000,0x0000008e4ec00000) (1024K)]
Total: 12

Threads with active compile tasks:
C2 CompilerThread0  13098 4007       4       org.lombokweb.asm.ClassReader::readMethod (1070 bytes)
C2 CompilerThread1  13098 4135       4       org.eclipse.osgi.internal.serviceregistry.ServiceRegistry::notifyHooksPrivileged (57 bytes)
C2 CompilerThread2  13098 4197       4       java.util.TreeMap::put (221 bytes)
Total: 3

VM state: not at safepoint (normal execution)

VM Mutex/Monitor currently owned by a thread: None

Heap address: 0x0000000080000000, size: 2048 MB, Compressed Oops mode: 32-bit

CDS archive(s) mapped at: [0x000002858f000000-0x000002858fba0000-0x000002858fba0000), size 12189696, SharedBaseAddress: 0x000002858f000000, ArchiveRelocationMode: 1.
Compressed class space mapped at: 0x0000028590000000-0x00000285d0000000, reserved size: 1073741824
Narrow klass base: 0x000002858f000000, Narrow klass shift: 0, Narrow klass range: 0x100000000

GC Precious Log:
 CardTable entry size: 512
 CPUs: 12 total, 12 available
 Memory: 14173M
 Large Page Support: Disabled
 NUMA Support: Disabled
 Compressed Oops: Enabled (32-bit)
 Alignments: Space 512K, Generation 512K, Heap 2M
 Heap Min Capacity: 100M
 Heap Initial Capacity: 100M
 Heap Max Capacity: 2G
 Pre-touch: Disabled
 Parallel Workers: 10

Heap:
 PSYoungGen      total 25088K, used 9286K [0x00000000d5580000, 0x00000000d7400000, 0x0000000100000000)
  eden space 23040K, 31% used [0x00000000d5580000,0x00000000d5c97fc8,0x00000000d6c00000)
  from space 2048K, 98% used [0x00000000d7080000,0x00000000d7279858,0x00000000d7280000)
  to   space 4096K, 0% used [0x00000000d6c00000,0x00000000d6c00000,0x00000000d7000000)
 ParOldGen       total 68608K, used 14025K [0x0000000080000000, 0x0000000084300000, 0x00000000d5580000)
  object space 68608K, 20% used [0x0000000080000000,0x0000000080db2458,0x0000000084300000)
 Metaspace       used 29673K, committed 30656K, reserved 1114112K
  class space    used 2935K, committed 3328K, reserved 1048576K

Card table byte_map: [0x00000285f5980000,0x00000285f5d90000] _byte_map_base: 0x00000285f5580000

Marking Bits: (ParMarkBitMap*) 0x00007fffc409a340
 Begin Bits: [0x00000285f9480000, 0x00000285fb480000)
 End Bits:   [0x00000285fb480000, 0x00000285fd480000)

Polling page: 0x00000285f4070000

Metaspace:

Usage:
  Non-class:     26.11 MB used.
      Class:      2.87 MB used.
       Both:     28.98 MB used.

Virtual space:
  Non-class space:       64.00 MB reserved,      26.69 MB ( 42%) committed,  1 nodes.
      Class space:        1.00 GB reserved,       3.25 MB ( <1%) committed,  1 nodes.
             Both:        1.06 GB reserved,      29.94 MB (  3%) committed. 

Chunk freelists:
   Non-Class:  4.52 MB
       Class:  12.76 MB
        Both:  17.27 MB

MaxMetaspaceSize: unlimited
CompressedClassSpaceSize: 1.00 GB
Initial GC threshold: 21.00 MB
Current GC threshold: 35.00 MB
CDS: on
 - commit_granule_bytes: 65536.
 - commit_granule_words: 8192.
 - virtual_space_node_default_size: 8388608.
 - enlarge_chunks_in_place: 1.
 - use_allocation_guard: 0.


Internal statistics:

num_allocs_failed_limit: 3.
num_arena_births: 712.
num_arena_deaths: 14.
num_vsnodes_births: 2.
num_vsnodes_deaths: 0.
num_space_committed: 479.
num_space_uncommitted: 0.
num_chunks_returned_to_freelist: 17.
num_chunks_taken_from_freelist: 1881.
num_chunk_merges: 7.
num_chunk_splits: 1207.
num_chunks_enlarged: 788.
num_inconsistent_stats: 0.

CodeHeap 'non-profiled nmethods': size=120000Kb used=1922Kb max_used=1922Kb free=118077Kb
 bounds [0x0000028587ad0000, 0x0000028587d40000, 0x000002858f000000]
CodeHeap 'profiled nmethods': size=120000Kb used=8801Kb max_used=8801Kb free=111198Kb
 bounds [0x0000028580000000, 0x00000285808a0000, 0x0000028587530000]
CodeHeap 'non-nmethods': size=5760Kb used=1341Kb max_used=1360Kb free=4418Kb
 bounds [0x0000028587530000, 0x00000285877a0000, 0x0000028587ad0000]
CodeCache: size=245760Kb, used=12064Kb, max_used=12083Kb, free=233693Kb
 total_blobs=4897, nmethods=4262, adapters=540, full_count=0
Compilation: enabled, stopped_count=0, restarted_count=0

Compilation events (20 events):
Event: 12.056 Thread 0x00000285ff89ad50 nmethod 4208 0x000002858087e210 code [0x000002858087e3e0, 0x000002858087e758]
Event: 12.056 Thread 0x00000285ff89ad50 4210       1       java.lang.reflect.Constructor::getConstructorAccessor (5 bytes)
Event: 12.056 Thread 0x00000285ff89ad50 nmethod 4210 0x0000028587ca7790 code [0x0000028587ca7920, 0x0000028587ca79e8]
Event: 12.056 Thread 0x00000285ff89ad50 4211       1       java.lang.reflect.Constructor::getRoot (5 bytes)
Event: 12.056 Thread 0x00000285ff89ad50 nmethod 4211 0x0000028587ca7a90 code [0x0000028587ca7c20, 0x0000028587ca7ce8]
Event: 12.059 Thread 0x00000285ff89ad50 4214       3       jdk.internal.loader.BuiltinClassLoader::findResources (182 bytes)
Event: 12.060 Thread 0x00000285ff89ad50 nmethod 4214 0x000002858087e910 code [0x000002858087ed40, 0x0000028580880c18]
Event: 12.060 Thread 0x00000285ff89ad50 4218       3       java.util.TreeMap::getEntryUsingComparator (74 bytes)
Event: 12.060 Thread 0x00000285ff89ad50 nmethod 4218 0x0000028580881890 code [0x0000028580881a60, 0x0000028580881df8]
Event: 12.060 Thread 0x00000285ff89ad50 4215       3       jdk.internal.loader.BuiltinClassLoader::findResourcesOnClassPath (43 bytes)
Event: 12.060 Thread 0x00000285ff89ad50 nmethod 4215 0x0000028580881f10 code [0x0000028580882100, 0x0000028580882538]
Event: 12.061 Thread 0x00000285ff89ad50 4220       3       sun.util.PreHashedMap::get (67 bytes)
Event: 12.061 Thread 0x00000285ff89ad50 nmethod 4220 0x0000028580882690 code [0x00000285808828a0, 0x0000028580882fb0]
Event: 12.062 Thread 0x00000285ff89ad50 4221       3       java.util.Properties::getProperty (50 bytes)
Event: 12.062 Thread 0x00000285ff89ad50 nmethod 4221 0x0000028580883210 code [0x00000285808833e0, 0x00000285808838c0]
Event: 12.062 Thread 0x00000285ff89ad50 4222       3       java.util.TreeMap::<init> (20 bytes)
Event: 12.062 Thread 0x00000285ff89ad50 nmethod 4222 0x0000028580883a10 code [0x0000028580883bc0, 0x0000028580883db0]
Event: 12.062 Thread 0x00000285ff89ad50 4223       3       java.lang.ClassLoader::createOrGetClassLoaderValueMap (37 bytes)
Event: 12.062 Thread 0x00000285ff89ad50 nmethod 4223 0x0000028580883e90 code [0x0000028580884060, 0x00000285808843c0]
Event: 12.063 Thread 0x00000285ff89ad50 4224       3       java.util.ServiceLoader$ModuleServicesLookupIterator::iteratorFor (191 bytes)

GC Heap History (20 events):
Event: 4.865 GC heap before
{Heap before GC invocations=2 (full 0):
 PSYoungGen      total 29696K, used 28928K [0x00000000d5580000, 0x00000000d7680000, 0x0000000100000000)
  eden space 25600K, 100% used [0x00000000d5580000,0x00000000d6e80000,0x00000000d6e80000)
  from space 4096K, 81% used [0x00000000d6e80000,0x00000000d71c00d8,0x00000000d7280000)
  to   space 4096K, 0% used [0x00000000d7280000,0x00000000d7280000,0x00000000d7680000)
 ParOldGen       total 68608K, used 16K [0x0000000080000000, 0x0000000084300000, 0x00000000d5580000)
  object space 68608K, 0% used [0x0000000080000000,0x0000000080004000,0x0000000084300000)
 Metaspace       used 7946K, committed 8192K, reserved 1114112K
  class space    used 839K, committed 960K, reserved 1048576K
}
Event: 4.868 GC heap after
{Heap after GC invocations=2 (full 0):
 PSYoungGen      total 29696K, used 4069K [0x00000000d5580000, 0x00000000d7680000, 0x0000000100000000)
  eden space 25600K, 0% used [0x00000000d5580000,0x00000000d5580000,0x00000000d6e80000)
  from space 4096K, 99% used [0x00000000d7280000,0x00000000d76797a0,0x00000000d7680000)
  to   space 4096K, 0% used [0x00000000d6e80000,0x00000000d6e80000,0x00000000d7280000)
 ParOldGen       total 68608K, used 1759K [0x0000000080000000, 0x0000000084300000, 0x00000000d5580000)
  object space 68608K, 2% used [0x0000000080000000,0x00000000801b7f18,0x0000000084300000)
 Metaspace       used 7946K, committed 8192K, reserved 1114112K
  class space    used 839K, committed 960K, reserved 1048576K
}
Event: 6.284 GC heap before
{Heap before GC invocations=3 (full 0):
 PSYoungGen      total 29696K, used 29669K [0x00000000d5580000, 0x00000000d7680000, 0x0000000100000000)
  eden space 25600K, 100% used [0x00000000d5580000,0x00000000d6e80000,0x00000000d6e80000)
  from space 4096K, 99% used [0x00000000d7280000,0x00000000d76797a0,0x00000000d7680000)
  to   space 4096K, 0% used [0x00000000d6e80000,0x00000000d6e80000,0x00000000d7280000)
 ParOldGen       total 68608K, used 1759K [0x0000000080000000, 0x0000000084300000, 0x00000000d5580000)
  object space 68608K, 2% used [0x0000000080000000,0x00000000801b7f18,0x0000000084300000)
 Metaspace       used 9420K, committed 9728K, reserved 1114112K
  class space    used 1013K, committed 1152K, reserved 1048576K
}
Event: 6.288 GC heap after
{Heap after GC invocations=3 (full 0):
 PSYoungGen      total 29696K, used 4091K [0x00000000d5580000, 0x00000000d7680000, 0x0000000100000000)
  eden space 25600K, 0% used [0x00000000d5580000,0x00000000d5580000,0x00000000d6e80000)
  from space 4096K, 99% used [0x00000000d6e80000,0x00000000d727efa0,0x00000000d7280000)
  to   space 4096K, 0% used [0x00000000d7280000,0x00000000d7280000,0x00000000d7680000)
 ParOldGen       total 68608K, used 4805K [0x0000000080000000, 0x0000000084300000, 0x00000000d5580000)
  object space 68608K, 7% used [0x0000000080000000,0x00000000804b1798,0x0000000084300000)
 Metaspace       used 9420K, committed 9728K, reserved 1114112K
  class space    used 1013K, committed 1152K, reserved 1048576K
}
Event: 10.681 GC heap before
{Heap before GC invocations=4 (full 0):
 PSYoungGen      total 29696K, used 29691K [0x00000000d5580000, 0x00000000d7680000, 0x0000000100000000)
  eden space 25600K, 100% used [0x00000000d5580000,0x00000000d6e80000,0x00000000d6e80000)
  from space 4096K, 99% used [0x00000000d6e80000,0x00000000d727efa0,0x00000000d7280000)
  to   space 4096K, 0% used [0x00000000d7280000,0x00000000d7280000,0x00000000d7680000)
 ParOldGen       total 68608K, used 4805K [0x0000000080000000, 0x0000000084300000, 0x00000000d5580000)
  object space 68608K, 7% used [0x0000000080000000,0x00000000804b1798,0x0000000084300000)
 Metaspace       used 12087K, committed 12480K, reserved 1114112K
  class space    used 1301K, committed 1472K, reserved 1048576K
}
Event: 10.683 GC heap after
{Heap after GC invocations=4 (full 0):
 PSYoungGen      total 29696K, used 4074K [0x00000000d5580000, 0x00000000d7680000, 0x0000000100000000)
  eden space 25600K, 0% used [0x00000000d5580000,0x00000000d5580000,0x00000000d6e80000)
  from space 4096K, 99% used [0x00000000d7280000,0x00000000d767abb0,0x00000000d7680000)
  to   space 4096K, 0% used [0x00000000d6e80000,0x00000000d6e80000,0x00000000d7280000)
 ParOldGen       total 68608K, used 6256K [0x0000000080000000, 0x0000000084300000, 0x00000000d5580000)
  object space 68608K, 9% used [0x0000000080000000,0x000000008061c3c8,0x0000000084300000)
 Metaspace       used 12087K, committed 12480K, reserved 1114112K
  class space    used 1301K, committed 1472K, reserved 1048576K
}
Event: 10.996 GC heap before
{Heap before GC invocations=5 (full 0):
 PSYoungGen      total 29696K, used 29674K [0x00000000d5580000, 0x00000000d7680000, 0x0000000100000000)
  eden space 25600K, 100% used [0x00000000d5580000,0x00000000d6e80000,0x00000000d6e80000)
  from space 4096K, 99% used [0x00000000d7280000,0x00000000d767abb0,0x00000000d7680000)
  to   space 4096K, 0% used [0x00000000d6e80000,0x00000000d6e80000,0x00000000d7280000)
 ParOldGen       total 68608K, used 6256K [0x0000000080000000, 0x0000000084300000, 0x00000000d5580000)
  object space 68608K, 9% used [0x0000000080000000,0x000000008061c3c8,0x0000000084300000)
 Metaspace       used 15217K, committed 15808K, reserved 1114112K
  class space    used 1576K, committed 1856K, reserved 1048576K
}
Event: 11.000 GC heap after
{Heap after GC invocations=5 (full 0):
 PSYoungGen      total 29184K, used 4077K [0x00000000d5580000, 0x00000000d7a00000, 0x0000000100000000)
  eden space 25088K, 0% used [0x00000000d5580000,0x00000000d5580000,0x00000000d6e00000)
  from space 4096K, 99% used [0x00000000d6e80000,0x00000000d727b420,0x00000000d7280000)
  to   space 6144K, 0% used [0x00000000d7400000,0x00000000d7400000,0x00000000d7a00000)
 ParOldGen       total 68608K, used 7966K [0x0000000080000000, 0x0000000084300000, 0x00000000d5580000)
  object space 68608K, 11% used [0x0000000080000000,0x00000000807c79a8,0x0000000084300000)
 Metaspace       used 15217K, committed 15808K, reserved 1114112K
  class space    used 1576K, committed 1856K, reserved 1048576K
}
Event: 11.347 GC heap before
{Heap before GC invocations=6 (full 0):
 PSYoungGen      total 29184K, used 29165K [0x00000000d5580000, 0x00000000d7a00000, 0x0000000100000000)
  eden space 25088K, 100% used [0x00000000d5580000,0x00000000d6e00000,0x00000000d6e00000)
  from space 4096K, 99% used [0x00000000d6e80000,0x00000000d727b420,0x00000000d7280000)
  to   space 6144K, 0% used [0x00000000d7400000,0x00000000d7400000,0x00000000d7a00000)
 ParOldGen       total 68608K, used 7966K [0x0000000080000000, 0x0000000084300000, 0x00000000d5580000)
  object space 68608K, 11% used [0x0000000080000000,0x00000000807c79a8,0x0000000084300000)
 Metaspace       used 18501K, committed 19264K, reserved 1114112K
  class space    used 1949K, committed 2240K, reserved 1048576K
}
Event: 11.350 GC heap after
{Heap after GC invocations=6 (full 0):
 PSYoungGen      total 29696K, used 5056K [0x00000000d5580000, 0x00000000d7900000, 0x0000000100000000)
  eden space 24576K, 0% used [0x00000000d5580000,0x00000000d5580000,0x00000000d6d80000)
  from space 5120K, 98% used [0x00000000d7400000,0x00000000d78f0260,0x00000000d7900000)
  to   space 5632K, 0% used [0x00000000d6e00000,0x00000000d6e00000,0x00000000d7380000)
 ParOldGen       total 68608K, used 7974K [0x0000000080000000, 0x0000000084300000, 0x00000000d5580000)
  object space 68608K, 11% used [0x0000000080000000,0x00000000807c99a8,0x0000000084300000)
 Metaspace       used 18501K, committed 19264K, reserved 1114112K
  class space    used 1949K, committed 2240K, reserved 1048576K
}
Event: 11.519 GC heap before
{Heap before GC invocations=7 (full 0):
 PSYoungGen      total 29696K, used 26964K [0x00000000d5580000, 0x00000000d7900000, 0x0000000100000000)
  eden space 24576K, 89% used [0x00000000d5580000,0x00000000d6ae4e88,0x00000000d6d80000)
  from space 5120K, 98% used [0x00000000d7400000,0x00000000d78f0260,0x00000000d7900000)
  to   space 5632K, 0% used [0x00000000d6e00000,0x00000000d6e00000,0x00000000d7380000)
 ParOldGen       total 68608K, used 7974K [0x0000000080000000, 0x0000000084300000, 0x00000000d5580000)
  object space 68608K, 11% used [0x0000000080000000,0x00000000807c99a8,0x0000000084300000)
 Metaspace       used 20677K, committed 21504K, reserved 1114112K
  class space    used 2196K, committed 2560K, reserved 1048576K
}
Event: 11.522 GC heap after
{Heap after GC invocations=7 (full 0):
 PSYoungGen      total 28672K, used 4016K [0x00000000d5580000, 0x00000000d7680000, 0x0000000100000000)
  eden space 24576K, 0% used [0x00000000d5580000,0x00000000d5580000,0x00000000d6d80000)
  from space 4096K, 98% used [0x00000000d6e00000,0x00000000d71ec068,0x00000000d7200000)
  to   space 4608K, 0% used [0x00000000d7200000,0x00000000d7200000,0x00000000d7680000)
 ParOldGen       total 68608K, used 9553K [0x0000000080000000, 0x0000000084300000, 0x00000000d5580000)
  object space 68608K, 13% used [0x0000000080000000,0x0000000080954550,0x0000000084300000)
 Metaspace       used 20677K, committed 21504K, reserved 1114112K
  class space    used 2196K, committed 2560K, reserved 1048576K
}
Event: 11.522 GC heap before
{Heap before GC invocations=8 (full 1):
 PSYoungGen      total 28672K, used 4016K [0x00000000d5580000, 0x00000000d7680000, 0x0000000100000000)
  eden space 24576K, 0% used [0x00000000d5580000,0x00000000d5580000,0x00000000d6d80000)
  from space 4096K, 98% used [0x00000000d6e00000,0x00000000d71ec068,0x00000000d7200000)
  to   space 4608K, 0% used [0x00000000d7200000,0x00000000d7200000,0x00000000d7680000)
 ParOldGen       total 68608K, used 9553K [0x0000000080000000, 0x0000000084300000, 0x00000000d5580000)
  object space 68608K, 13% used [0x0000000080000000,0x0000000080954550,0x0000000084300000)
 Metaspace       used 20677K, committed 21504K, reserved 1114112K
  class space    used 2196K, committed 2560K, reserved 1048576K
}
Event: 11.545 GC heap after
{Heap after GC invocations=8 (full 1):
 PSYoungGen      total 28672K, used 0K [0x00000000d5580000, 0x00000000d7680000, 0x0000000100000000)
  eden space 24576K, 0% used [0x00000000d5580000,0x00000000d5580000,0x00000000d6d80000)
  from space 4096K, 0% used [0x00000000d6e00000,0x00000000d6e00000,0x00000000d7200000)
  to   space 4608K, 0% used [0x00000000d7200000,0x00000000d7200000,0x00000000d7680000)
 ParOldGen       total 68608K, used 12635K [0x0000000080000000, 0x0000000084300000, 0x00000000d5580000)
  object space 68608K, 18% used [0x0000000080000000,0x0000000080c56ef8,0x0000000084300000)
 Metaspace       used 20665K, committed 21504K, reserved 1114112K
  class space    used 2192K, committed 2560K, reserved 1048576K
}
Event: 11.677 GC heap before
{Heap before GC invocations=9 (full 1):
 PSYoungGen      total 28672K, used 24576K [0x00000000d5580000, 0x00000000d7680000, 0x0000000100000000)
  eden space 24576K, 100% used [0x00000000d5580000,0x00000000d6d80000,0x00000000d6d80000)
  from space 4096K, 0% used [0x00000000d6e00000,0x00000000d6e00000,0x00000000d7200000)
  to   space 4608K, 0% used [0x00000000d7200000,0x00000000d7200000,0x00000000d7680000)
 ParOldGen       total 68608K, used 12635K [0x0000000080000000, 0x0000000084300000, 0x00000000d5580000)
  object space 68608K, 18% used [0x0000000080000000,0x0000000080c56ef8,0x0000000084300000)
 Metaspace       used 23098K, committed 23936K, reserved 1114112K
  class space    used 2362K, committed 2752K, reserved 1048576K
}
Event: 11.678 GC heap after
{Heap after GC invocations=9 (full 1):
 PSYoungGen      total 25088K, used 850K [0x00000000d5580000, 0x00000000d7300000, 0x0000000100000000)
  eden space 24064K, 0% used [0x00000000d5580000,0x00000000d5580000,0x00000000d6d00000)
  from space 1024K, 83% used [0x00000000d7200000,0x00000000d72d48c0,0x00000000d7300000)
  to   space 2560K, 0% used [0x00000000d6e00000,0x00000000d6e00000,0x00000000d7080000)
 ParOldGen       total 68608K, used 12635K [0x0000000080000000, 0x0000000084300000, 0x00000000d5580000)
  object space 68608K, 18% used [0x0000000080000000,0x0000000080c56ef8,0x0000000084300000)
 Metaspace       used 23098K, committed 23936K, reserved 1114112K
  class space    used 2362K, committed 2752K, reserved 1048576K
}
Event: 11.823 GC heap before
{Heap before GC invocations=10 (full 1):
 PSYoungGen      total 25088K, used 24914K [0x00000000d5580000, 0x00000000d7300000, 0x0000000100000000)
  eden space 24064K, 100% used [0x00000000d5580000,0x00000000d6d00000,0x00000000d6d00000)
  from space 1024K, 83% used [0x00000000d7200000,0x00000000d72d48c0,0x00000000d7300000)
  to   space 2560K, 0% used [0x00000000d6e00000,0x00000000d6e00000,0x00000000d7080000)
 ParOldGen       total 68608K, used 12635K [0x0000000080000000, 0x0000000084300000, 0x00000000d5580000)
  object space 68608K, 18% used [0x0000000080000000,0x0000000080c56ef8,0x0000000084300000)
 Metaspace       used 26549K, committed 27392K, reserved 1114112K
  class space    used 2615K, committed 3008K, reserved 1048576K
}
Event: 11.824 GC heap after
{Heap after GC invocations=10 (full 1):
 PSYoungGen      total 26112K, used 2548K [0x00000000d5580000, 0x00000000d7280000, 0x0000000100000000)
  eden space 23552K, 0% used [0x00000000d5580000,0x00000000d5580000,0x00000000d6c80000)
  from space 2560K, 99% used [0x00000000d6e00000,0x00000000d707d000,0x00000000d7080000)
  to   space 2048K, 0% used [0x00000000d7080000,0x00000000d7080000,0x00000000d7280000)
 ParOldGen       total 68608K, used 12651K [0x0000000080000000, 0x0000000084300000, 0x00000000d5580000)
  object space 68608K, 18% used [0x0000000080000000,0x0000000080c5aef8,0x0000000084300000)
 Metaspace       used 26549K, committed 27392K, reserved 1114112K
  class space    used 2615K, committed 3008K, reserved 1048576K
}
Event: 12.018 GC heap before
{Heap before GC invocations=11 (full 1):
 PSYoungGen      total 26112K, used 26100K [0x00000000d5580000, 0x00000000d7280000, 0x0000000100000000)
  eden space 23552K, 100% used [0x00000000d5580000,0x00000000d6c80000,0x00000000d6c80000)
  from space 2560K, 99% used [0x00000000d6e00000,0x00000000d707d000,0x00000000d7080000)
  to   space 2048K, 0% used [0x00000000d7080000,0x00000000d7080000,0x00000000d7280000)
 ParOldGen       total 68608K, used 12651K [0x0000000080000000, 0x0000000084300000, 0x00000000d5580000)
  object space 68608K, 18% used [0x0000000080000000,0x0000000080c5aef8,0x0000000084300000)
 Metaspace       used 28434K, committed 29376K, reserved 1114112K
  class space    used 2782K, committed 3200K, reserved 1048576K
}
Event: 12.019 GC heap after
{Heap after GC invocations=11 (full 1):
 PSYoungGen      total 25088K, used 2022K [0x00000000d5580000, 0x00000000d7400000, 0x0000000100000000)
  eden space 23040K, 0% used [0x00000000d5580000,0x00000000d5580000,0x00000000d6c00000)
  from space 2048K, 98% used [0x00000000d7080000,0x00000000d7279858,0x00000000d7280000)
  to   space 4096K, 0% used [0x00000000d6c00000,0x00000000d6c00000,0x00000000d7000000)
 ParOldGen       total 68608K, used 14025K [0x0000000080000000, 0x0000000084300000, 0x00000000d5580000)
  object space 68608K, 20% used [0x0000000080000000,0x0000000080db2458,0x0000000084300000)
 Metaspace       used 28434K, committed 29376K, reserved 1114112K
  class space    used 2782K, committed 3200K, reserved 1048576K
}

Dll operation events (10 events):
Event: 0.023 Loaded shared library c:\Users\Abdul\.vscode\extensions\redhat.java-1.46.0-win32-x64\jre\21.0.8-win32-x86_64\bin\java.dll
Event: 0.070 Loaded shared library c:\Users\Abdul\.vscode\extensions\redhat.java-1.46.0-win32-x64\jre\21.0.8-win32-x86_64\bin\zip.dll
Event: 0.085 Loaded shared library C:\Users\Abdul\.vscode\extensions\redhat.java-1.46.0-win32-x64\jre\21.0.8-win32-x86_64\bin\instrument.dll
Event: 0.089 Loaded shared library C:\Users\Abdul\.vscode\extensions\redhat.java-1.46.0-win32-x64\jre\21.0.8-win32-x86_64\bin\net.dll
Event: 0.092 Loaded shared library C:\Users\Abdul\.vscode\extensions\redhat.java-1.46.0-win32-x64\jre\21.0.8-win32-x86_64\bin\nio.dll
Event: 0.095 Loaded shared library C:\Users\Abdul\.vscode\extensions\redhat.java-1.46.0-win32-x64\jre\21.0.8-win32-x86_64\bin\zip.dll
Event: 0.111 Loaded shared library C:\Users\Abdul\.vscode\extensions\redhat.java-1.46.0-win32-x64\jre\21.0.8-win32-x86_64\bin\jimage.dll
Event: 0.164 Loaded shared library c:\Users\Abdul\.vscode\extensions\redhat.java-1.46.0-win32-x64\jre\21.0.8-win32-x86_64\bin\verify.dll
Event: 4.912 Loaded shared library C:\Users\Abdul\AppData\Roaming\Code\User\globalStorage\redhat.java\1.46.0\config_win\org.eclipse.equinox.launcher\org.eclipse.equinox.launcher.win32.win32.x86_64_1.2.1400.v20250801-0854\eclipse_11916.dll
Event: 11.179 Loaded shared library C:\Users\Abdul\AppData\Local\Temp\jna-63048218\jna5549772229993570967.dll

Deoptimization events (20 events):
Event: 11.897 Thread 0x00000285ff88d9f0 Uncommon trap: trap_request=0xffffff45 fr.pc=0x0000028587c1a8f0 relative=0x0000000000000cf0
Event: 11.897 Thread 0x00000285ff88d9f0 Uncommon trap: reason=unstable_if action=reinterpret pc=0x0000028587c1a8f0 method=java.util.Properties.loadConvert([CIILjava/lang/StringBuilder;)Ljava/lang/String; @ 463 c2
Event: 11.897 Thread 0x00000285ff88d9f0 DEOPT PACKING pc=0x0000028587c1a8f0 sp=0x0000008e4e8f7a60
Event: 11.897 Thread 0x00000285ff88d9f0 DEOPT UNPACKING pc=0x0000028587583aa2 sp=0x0000008e4e8f7a40 mode 2
Event: 11.976 Thread 0x00000285ff88d9f0 Uncommon trap: trap_request=0xffffffc6 fr.pc=0x0000028587b7d2f8 relative=0x0000000000000a78
Event: 11.976 Thread 0x00000285ff88d9f0 Uncommon trap: reason=bimorphic_or_optimized_type_check action=maybe_recompile pc=0x0000028587b7d2f8 method=java.util.HashMap.putVal(ILjava/lang/Object;Ljava/lang/Object;ZZ)Ljava/lang/Object; @ 56 c2
Event: 11.976 Thread 0x00000285ff88d9f0 DEOPT PACKING pc=0x0000028587b7d2f8 sp=0x0000008e4e8fd970
Event: 11.976 Thread 0x00000285ff88d9f0 DEOPT UNPACKING pc=0x0000028587583aa2 sp=0x0000008e4e8fd870 mode 2
Event: 11.976 Thread 0x00000285ff88d9f0 Uncommon trap: trap_request=0xffffffc6 fr.pc=0x0000028587b7d2f8 relative=0x0000000000000a78
Event: 11.976 Thread 0x00000285ff88d9f0 Uncommon trap: reason=bimorphic_or_optimized_type_check action=maybe_recompile pc=0x0000028587b7d2f8 method=java.util.HashMap.putVal(ILjava/lang/Object;Ljava/lang/Object;ZZ)Ljava/lang/Object; @ 56 c2
Event: 11.976 Thread 0x00000285ff88d9f0 DEOPT PACKING pc=0x0000028587b7d2f8 sp=0x0000008e4e8fd970
Event: 11.976 Thread 0x00000285ff88d9f0 DEOPT UNPACKING pc=0x0000028587583aa2 sp=0x0000008e4e8fd870 mode 2
Event: 11.976 Thread 0x00000285ff88d9f0 Uncommon trap: trap_request=0xffffffc6 fr.pc=0x0000028587b7d2f8 relative=0x0000000000000a78
Event: 11.976 Thread 0x00000285ff88d9f0 Uncommon trap: reason=bimorphic_or_optimized_type_check action=maybe_recompile pc=0x0000028587b7d2f8 method=java.util.HashMap.putVal(ILjava/lang/Object;Ljava/lang/Object;ZZ)Ljava/lang/Object; @ 56 c2
Event: 11.976 Thread 0x00000285ff88d9f0 DEOPT PACKING pc=0x0000028587b7d2f8 sp=0x0000008e4e8fd970
Event: 11.976 Thread 0x00000285ff88d9f0 DEOPT UNPACKING pc=0x0000028587583aa2 sp=0x0000008e4e8fd870 mode 2
Event: 12.030 Thread 0x00000285ff88d9f0 Uncommon trap: trap_request=0xffffff45 fr.pc=0x0000028587c07654 relative=0x00000000000002f4
Event: 12.030 Thread 0x00000285ff88d9f0 Uncommon trap: reason=unstable_if action=reinterpret pc=0x0000028587c07654 method=java.util.Properties.getProperty(Ljava/lang/String;)Ljava/lang/String; @ 36 c2
Event: 12.030 Thread 0x00000285ff88d9f0 DEOPT PACKING pc=0x0000028587c07654 sp=0x0000008e4e8fe200
Event: 12.030 Thread 0x00000285ff88d9f0 DEOPT UNPACKING pc=0x0000028587583aa2 sp=0x0000008e4e8fe1a8 mode 2

Classes loaded (20 events):
Event: 12.049 Loading class sun/nio/cs/MS1251
Event: 12.049 Loading class sun/nio/cs/MS1251 done
Event: 12.049 Loading class sun/nio/cs/MS1250
Event: 12.049 Loading class sun/nio/cs/MS1250 done
Event: 12.050 Loading class sun/nio/cs/ISO_8859_2
Event: 12.050 Loading class sun/nio/cs/ISO_8859_2 done
Event: 12.052 Loading class sun/nio/cs/ISO_8859_4
Event: 12.052 Loading class sun/nio/cs/ISO_8859_4 done
Event: 12.053 Loading class sun/nio/cs/ISO_8859_5
Event: 12.053 Loading class sun/nio/cs/ISO_8859_5 done
Event: 12.053 Loading class sun/nio/cs/ISO_8859_9
Event: 12.053 Loading class sun/nio/cs/ISO_8859_9 done
Event: 12.054 Loading class sun/nio/cs/ISO_8859_7
Event: 12.054 Loading class sun/nio/cs/ISO_8859_7 done
Event: 12.054 Loading class sun/nio/cs/IBM850
Event: 12.055 Loading class sun/nio/cs/IBM850 done
Event: 12.056 Loading class sun/nio/cs/SJIS
Event: 12.056 Loading class sun/nio/cs/SJIS done
Event: 12.060 Loading class sun/nio/cs/KOI8_R
Event: 12.060 Loading class sun/nio/cs/KOI8_R done

Classes unloaded (7 events):
Event: 11.525 Thread 0x00000285f3c4ec10 Unloading class 0x00000285901b0800 'java/lang/invoke/LambdaForm$MH+0x00000285901b0800'
Event: 11.525 Thread 0x00000285f3c4ec10 Unloading class 0x00000285901b0400 'java/lang/invoke/LambdaForm$MH+0x00000285901b0400'
Event: 11.525 Thread 0x00000285f3c4ec10 Unloading class 0x00000285901b0000 'java/lang/invoke/LambdaForm$MH+0x00000285901b0000'
Event: 11.525 Thread 0x00000285f3c4ec10 Unloading class 0x00000285901afc00 'java/lang/invoke/LambdaForm$MH+0x00000285901afc00'
Event: 11.525 Thread 0x00000285f3c4ec10 Unloading class 0x00000285901af800 'java/lang/invoke/LambdaForm$BMH+0x00000285901af800'
Event: 11.525 Thread 0x00000285f3c4ec10 Unloading class 0x00000285901af400 'java/lang/invoke/LambdaForm$DMH+0x00000285901af400'
Event: 11.525 Thread 0x00000285f3c4ec10 Unloading class 0x00000285901ae000 'java/lang/invoke/LambdaForm$DMH+0x00000285901ae000'

Classes redefined (0 events):
No events

Internal exceptions (20 events):
Event: 11.229 Thread 0x00000285ff88d9f0 Exception <a 'java/lang/NoSuchMethodError'{0x00000000d61a4610}: 'int java.lang.invoke.DirectMethodHandle$Holder.invokeStaticInit(java.lang.Object, java.lang.Object, java.lang.Object)'> (0x00000000d61a4610) 
thrown [s\src\hotspot\share\interpreter\linkResolver.cpp, line 773]
Event: 11.237 Thread 0x00000285ff88d9f0 Exception <a 'java/lang/IncompatibleClassChangeError'{0x00000000d625f970}: Found class java.lang.Object, but interface was expected> (0x00000000d625f970) 
thrown [s\src\hotspot\share\interpreter\linkResolver.cpp, line 840]
Event: 11.241 Thread 0x00000285ff88d9f0 Exception <a 'java/lang/NoSuchMethodError'{0x00000000d627a210}: 'java.lang.Object java.lang.invoke.DirectMethodHandle$Holder.invokeSpecial(java.lang.Object, java.lang.Object, java.lang.Object, int, java.lang.Object, java.lang.Object)'> (0x00000000d627a210) 
thrown [s\src\hotspot\share\interpreter\linkResolver.cpp, line 773]
Event: 11.241 Thread 0x00000285ff88d9f0 Exception <a 'java/lang/NoSuchMethodError'{0x00000000d6281c28}: 'java.lang.Object java.lang.invoke.DirectMethodHandle$Holder.newInvokeSpecial(java.lang.Object, java.lang.Object, java.lang.Object, int, java.lang.Object)'> (0x00000000d6281c28) 
thrown [s\src\hotspot\share\interpreter\linkResolver.cpp, line 773]
Event: 11.241 Thread 0x00000285ff88d9f0 Exception <a 'java/lang/NoSuchMethodError'{0x00000000d6285be8}: 'java.lang.Object java.lang.invoke.DirectMethodHandle$Holder.invokeSpecial(java.lang.Object, java.lang.Object, java.lang.Object, java.lang.Object, int, java.lang.Object)'> (0x00000000d6285be8) 
thrown [s\src\hotspot\share\interpreter\linkResolver.cpp, line 773]
Event: 11.241 Thread 0x00000285ff88d9f0 Exception <a 'java/lang/NoSuchMethodError'{0x00000000d6289728}: 'java.lang.Object java.lang.invoke.Invokers$Holder.linkToTargetMethod(java.lang.Object, java.lang.Object, int, java.lang.Object, java.lang.Object)'> (0x00000000d6289728) 
thrown [s\src\hotspot\share\interpreter\linkResolver.cpp, line 773]
Event: 11.242 Thread 0x00000285d4aa18e0 Exception <a 'java/lang/NoSuchMethodError'{0x00000000d61cb248}: 'java.lang.Object java.lang.invoke.DirectMethodHandle$Holder.invokeSpecial(java.lang.Object, java.lang.Object, int, java.lang.Object, java.lang.Object)'> (0x00000000d61cb248) 
thrown [s\src\hotspot\share\interpreter\linkResolver.cpp, line 773]
Event: 11.251 Thread 0x00000285ff88d9f0 Exception <a 'java/lang/NoSuchMethodError'{0x00000000d638e048}: 'void java.lang.invoke.DirectMethodHandle$Holder.invokeSpecial(java.lang.Object, java.lang.Object, java.lang.Object, java.lang.Object, java.lang.Object)'> (0x00000000d638e048) 
thrown [s\src\hotspot\share\interpreter\linkResolver.cpp, line 773]
Event: 11.321 Thread 0x00000285ff88d9f0 Exception <a 'java/lang/NoSuchMethodError'{0x00000000d6b3c410}: 'java.lang.Object java.lang.invoke.DirectMethodHandle$Holder.invokeInterface(java.lang.Object, java.lang.Object, java.lang.Object)'> (0x00000000d6b3c410) 
thrown [s\src\hotspot\share\interpreter\linkResolver.cpp, line 773]
Event: 11.365 Thread 0x00000285ff88d9f0 Exception <a 'java/lang/NoSuchMethodError'{0x00000000d574c388}: 'java.lang.Object java.lang.invoke.Invokers$Holder.linkToTargetMethod(java.lang.Object, long, java.lang.Object, java.lang.Object)'> (0x00000000d574c388) 
thrown [s\src\hotspot\share\interpreter\linkResolver.cpp, line 773]
Event: 11.416 Thread 0x00000285ff88d9f0 Exception <a 'java/io/FileNotFoundException'{0x00000000d5ef9698}> (0x00000000d5ef9698) 
thrown [s\src\hotspot\share\prims\jni.cpp, line 520]
Event: 11.417 Thread 0x00000285ff88d9f0 Exception <a 'java/lang/NoSuchMethodError'{0x00000000d5f01c50}: 'java.lang.Object java.lang.invoke.DirectMethodHandle$Holder.newInvokeSpecial(java.lang.Object, int, java.lang.Object, java.lang.Object)'> (0x00000000d5f01c50) 
thrown [s\src\hotspot\share\interpreter\linkResolver.cpp, line 773]
Event: 11.490 Thread 0x00000285ff88d9f0 Exception <a 'java/lang/NoSuchMethodError'{0x00000000d6758dd8}: 'long java.lang.invoke.Invokers$Holder.invokeExact_MT(java.lang.Object, java.lang.Object)'> (0x00000000d6758dd8) 
thrown [s\src\hotspot\share\interpreter\linkResolver.cpp, line 773]
Event: 11.576 Thread 0x00000285ff88d9f0 Exception <a 'java/lang/NoSuchMethodError'{0x00000000d58fddd0}: 'double java.lang.invoke.DirectMethodHandle$Holder.invokeStatic(java.lang.Object, java.lang.Object)'> (0x00000000d58fddd0) 
thrown [s\src\hotspot\share\interpreter\linkResolver.cpp, line 773]
Event: 11.576 Thread 0x00000285ff88d9f0 Exception <a 'java/lang/NoSuchMethodError'{0x00000000d59016d8}: 'double java.lang.invoke.DirectMethodHandle$Holder.invokeStaticInit(java.lang.Object, java.lang.Object)'> (0x00000000d59016d8) 
thrown [s\src\hotspot\share\interpreter\linkResolver.cpp, line 773]
Event: 11.758 Thread 0x00000285ff88d9f0 Implicit null exception at 0x0000028587c95b75 to 0x0000028587c95c50
Event: 11.918 Thread 0x00000285ff88d9f0 Exception <a 'java/lang/ClassNotFoundException'{0x00000000d66fa540}: com/sun/org/apache/xerces/internal/impl/msg/spi/DOMMessagesProvider> (0x00000000d66fa540) 
thrown [s\src\hotspot\share\classfile\systemDictionary.cpp, line 312]
Event: 11.919 Thread 0x00000285ff88d9f0 Exception <a 'java/lang/ClassNotFoundException'{0x00000000d670c008}: com/sun/org/apache/xerces/internal/impl/msg/spi/XMLSerializerMessagesProvider> (0x00000000d670c008) 
thrown [s\src\hotspot\share\classfile\systemDictionary.cpp, line 312]
Event: 11.919 Thread 0x00000285ff88d9f0 Exception <a 'java/lang/ClassNotFoundException'{0x00000000d67192d8}: com/sun/org/apache/xerces/internal/impl/msg/spi/XMLMessagesProvider> (0x00000000d67192d8) 
thrown [s\src\hotspot\share\classfile\systemDictionary.cpp, line 312]
Event: 12.033 Thread 0x00000285ff88d9f0 Exception <a 'java/lang/ClassNotFoundException'{0x00000000d56a49a0}: com/sun/org/apache/xml/internal/serializer/spi/XMLEntitiesProvider> (0x00000000d56a49a0) 
thrown [s\src\hotspot\share\classfile\systemDictionary.cpp, line 312]

ZGC Phase Switch (0 events):
No events

VM Operations (20 events):
Event: 11.342 Executing VM operation: ICBufferFull done
Event: 11.347 Executing VM operation: ParallelGCFailedAllocation (Allocation Failure)
Event: 11.350 Executing VM operation: ParallelGCFailedAllocation (Allocation Failure) done
Event: 11.519 Executing VM operation: CollectForMetadataAllocation (Metadata GC Threshold)
Event: 11.545 Executing VM operation: CollectForMetadataAllocation (Metadata GC Threshold) done
Event: 11.677 Executing VM operation: ParallelGCFailedAllocation (Allocation Failure)
Event: 11.678 Executing VM operation: ParallelGCFailedAllocation (Allocation Failure) done
Event: 11.823 Executing VM operation: ParallelGCFailedAllocation (Allocation Failure)
Event: 11.824 Executing VM operation: ParallelGCFailedAllocation (Allocation Failure) done
Event: 11.942 Executing VM operation: HandshakeAllThreads (Deoptimize)
Event: 11.975 Executing VM operation: HandshakeAllThreads (Deoptimize) done
Event: 12.018 Executing VM operation: ParallelGCFailedAllocation (Allocation Failure)
Event: 12.019 Executing VM operation: ParallelGCFailedAllocation (Allocation Failure) done
Event: 12.032 Executing VM operation: HandshakeAllThreads (Deoptimize)
Event: 12.032 Executing VM operation: HandshakeAllThreads (Deoptimize) done
Event: 12.034 Executing VM operation: HandshakeAllThreads (Deoptimize)
Event: 12.034 Executing VM operation: HandshakeAllThreads (Deoptimize) done
Event: 12.049 Executing VM operation: HandshakeAllThreads (Deoptimize)
Event: 12.049 Executing VM operation: HandshakeAllThreads (Deoptimize) done
Event: 13.062 Executing VM operation: Cleanup

Memory protections (0 events):
No events

Nmethod flushes (0 events):
No events

Events (20 events):
Event: 4.864 Thread 0x00000285f5fe01a0 Thread added: 0x00000285ff88ac00
Event: 4.888 Thread 0x00000285ff88ac00 Thread added: 0x00000285ff88b290
Event: 4.915 Thread 0x00000285f5fe01a0 Thread added: 0x00000285ff88d9f0
Event: 4.990 Thread 0x00000285ff899ed0 Thread added: 0x00000285d4ab2ae0
Event: 5.019 Thread 0x00000285ff89ad50 Thread added: 0x00000285d4a311f0
Event: 5.219 Thread 0x00000285d4a311f0 Thread exited: 0x00000285d4a311f0
Event: 5.429 Thread 0x00000285d4ab2ae0 Thread exited: 0x00000285d4ab2ae0
Event: 6.273 Thread 0x00000285ff89ad50 Thread added: 0x00000285d4ab2ae0
Event: 6.367 Thread 0x00000285ff88d9f0 Thread added: 0x00000285ff88ccd0
Event: 6.582 Thread 0x00000285d4ab2ae0 Thread exited: 0x00000285d4ab2ae0
Event: 10.609 Thread 0x00000285ff88d9f0 Thread added: 0x00000285d4aa0bc0
Event: 10.762 Thread 0x00000285ff89ad50 Thread added: 0x00000285ffb587e0
Event: 10.908 Thread 0x00000285ff88d9f0 Thread added: 0x00000285d4a9f810
Event: 11.195 Thread 0x00000285ff88d9f0 Thread added: 0x00000285d4aa1250
Event: 11.226 Thread 0x00000285ff88d9f0 Thread added: 0x00000285d4aa18e0
Event: 11.242 Thread 0x00000285ff88d9f0 Thread added: 0x00000285d4aa0530
Event: 11.635 Thread 0x00000285ff89ad50 Thread added: 0x00000285d5710360
Event: 11.741 Thread 0x00000285d5710360 Thread exited: 0x00000285d5710360
Event: 11.929 Thread 0x00000285ff88d9f0 Thread added: 0x00000285d4a9eaf0
Event: 12.040 Thread 0x00000285ff89ad50 Thread added: 0x00000285d624cb30


Dynamic libraries:
0x00007ff60c3d0000 - 0x00007ff60c3de000 	c:\Users\Abdul\.vscode\extensions\redhat.java-1.46.0-win32-x64\jre\21.0.8-win32-x86_64\bin\java.exe
0x00007ff834d60000 - 0x00007ff834fc9000 	C:\Windows\SYSTEM32\ntdll.dll
0x00007ff832d00000 - 0x00007ff832dc9000 	C:\Windows\System32\KERNEL32.DLL
0x00007ff832320000 - 0x00007ff832713000 	C:\Windows\System32\KERNELBASE.dll
0x00007ff832720000 - 0x00007ff83286b000 	C:\Windows\System32\ucrtbase.dll
0x00007ff823790000 - 0x00007ff8237a8000 	c:\Users\Abdul\.vscode\extensions\redhat.java-1.46.0-win32-x64\jre\21.0.8-win32-x86_64\bin\jli.dll
0x00007ff823400000 - 0x00007ff82341e000 	c:\Users\Abdul\.vscode\extensions\redhat.java-1.46.0-win32-x64\jre\21.0.8-win32-x86_64\bin\VCRUNTIME140.dll
0x00007ff833e20000 - 0x00007ff833fe4000 	C:\Windows\System32\USER32.dll
0x00007ff820580000 - 0x00007ff820813000 	C:\Windows\WinSxS\amd64_microsoft.windows.common-controls_6595b64144ccf1df_6.0.26100.5074_none_3e0d6f78e32fd63f\COMCTL32.dll
0x00007ff8322f0000 - 0x00007ff832317000 	C:\Windows\System32\win32u.dll
0x00007ff833ce0000 - 0x00007ff833d0b000 	C:\Windows\System32\GDI32.dll
0x00007ff832f50000 - 0x00007ff832ff9000 	C:\Windows\System32\msvcrt.dll
0x00007ff8321c0000 - 0x00007ff8322ed000 	C:\Windows\System32\gdi32full.dll
0x00007ff832900000 - 0x00007ff8329a3000 	C:\Windows\System32\msvcp_win.dll
0x00007ff833770000 - 0x00007ff83379f000 	C:\Windows\System32\IMM32.DLL
0x00007ff8233f0000 - 0x00007ff8233fc000 	c:\Users\Abdul\.vscode\extensions\redhat.java-1.46.0-win32-x64\jre\21.0.8-win32-x86_64\bin\vcruntime140_1.dll
0x00007ff808a70000 - 0x00007ff808afd000 	c:\Users\Abdul\.vscode\extensions\redhat.java-1.46.0-win32-x64\jre\21.0.8-win32-x86_64\bin\msvcp140.dll
0x00007fffc33e0000 - 0x00007fffc4177000 	c:\Users\Abdul\.vscode\extensions\redhat.java-1.46.0-win32-x64\jre\21.0.8-win32-x86_64\bin\server\jvm.dll
0x00007ff833000000 - 0x00007ff8330b4000 	C:\Windows\System32\ADVAPI32.dll
0x00007ff833ff0000 - 0x00007ff834096000 	C:\Windows\System32\sechost.dll
0x00007ff8334d0000 - 0x00007ff8335e8000 	C:\Windows\System32\RPCRT4.dll
0x00007ff8337b0000 - 0x00007ff833824000 	C:\Windows\System32\WS2_32.dll
0x00007ff831d50000 - 0x00007ff831dae000 	C:\Windows\SYSTEM32\POWRPROF.dll
0x00007ff82a590000 - 0x00007ff82a59b000 	C:\Windows\SYSTEM32\VERSION.dll
0x00007ff82a520000 - 0x00007ff82a555000 	C:\Windows\SYSTEM32\WINMM.dll
0x00007ff831d30000 - 0x00007ff831d44000 	C:\Windows\SYSTEM32\UMPDC.dll
0x00007ff830cd0000 - 0x00007ff830ceb000 	C:\Windows\SYSTEM32\kernel.appcore.dll
0x00007ff8214c0000 - 0x00007ff8214ca000 	c:\Users\Abdul\.vscode\extensions\redhat.java-1.46.0-win32-x64\jre\21.0.8-win32-x86_64\bin\jimage.dll
0x00007ff82f750000 - 0x00007ff82f992000 	C:\Windows\SYSTEM32\DBGHELP.DLL
0x00007ff8338f0000 - 0x00007ff833c6b000 	C:\Windows\System32\combase.dll
0x00007ff832bc0000 - 0x00007ff832c97000 	C:\Windows\System32\OLEAUT32.dll
0x00007ff820540000 - 0x00007ff82057d000 	C:\Windows\SYSTEM32\dbgcore.DLL
0x00007ff831ef0000 - 0x00007ff831f89000 	C:\Windows\System32\bcryptPrimitives.dll
0x00007ff8213c0000 - 0x00007ff8213cf000 	c:\Users\Abdul\.vscode\extensions\redhat.java-1.46.0-win32-x64\jre\21.0.8-win32-x86_64\bin\instrument.dll
0x00007ff81b110000 - 0x00007ff81b12f000 	c:\Users\Abdul\.vscode\extensions\redhat.java-1.46.0-win32-x64\jre\21.0.8-win32-x86_64\bin\java.dll
0x00007ff8345c0000 - 0x00007ff834d0d000 	C:\Windows\System32\SHELL32.dll
0x00007ff832050000 - 0x00007ff8321bc000 	C:\Windows\System32\wintypes.dll
0x00007ff82fb50000 - 0x00007ff8303a9000 	C:\Windows\SYSTEM32\windows.storage.dll
0x00007ff833d20000 - 0x00007ff833e10000 	C:\Windows\System32\SHCORE.dll
0x00007ff833c70000 - 0x00007ff833cd2000 	C:\Windows\System32\shlwapi.dll
0x00007ff831e10000 - 0x00007ff831e39000 	C:\Windows\SYSTEM32\profapi.dll
0x00007ff8094f0000 - 0x00007ff809508000 	c:\Users\Abdul\.vscode\extensions\redhat.java-1.46.0-win32-x64\jre\21.0.8-win32-x86_64\bin\zip.dll
0x00007ff820430000 - 0x00007ff820440000 	C:\Users\Abdul\.vscode\extensions\redhat.java-1.46.0-win32-x64\jre\21.0.8-win32-x86_64\bin\net.dll
0x00007ff82aa40000 - 0x00007ff82ab5f000 	C:\Windows\SYSTEM32\WINHTTP.dll
0x00007ff831250000 - 0x00007ff8312bb000 	C:\Windows\system32\mswsock.dll
0x00007ff808cc0000 - 0x00007ff808cd6000 	C:\Users\Abdul\.vscode\extensions\redhat.java-1.46.0-win32-x64\jre\21.0.8-win32-x86_64\bin\nio.dll
0x00007ff820480000 - 0x00007ff820490000 	c:\Users\Abdul\.vscode\extensions\redhat.java-1.46.0-win32-x64\jre\21.0.8-win32-x86_64\bin\verify.dll
0x00007ff808c70000 - 0x00007ff808cb4000 	C:\Users\Abdul\AppData\Roaming\Code\User\globalStorage\redhat.java\1.46.0\config_win\org.eclipse.equinox.launcher\org.eclipse.equinox.launcher.win32.win32.x86_64_1.2.1400.v20250801-0854\eclipse_11916.dll
0x00007ff833150000 - 0x00007ff8332e8000 	C:\Windows\System32\ole32.dll
0x00007ff831500000 - 0x00007ff83151b000 	C:\Windows\SYSTEM32\CRYPTSP.dll
0x00007ff830c30000 - 0x00007ff830c6b000 	C:\Windows\system32\rsaenh.dll
0x00007ff8312f0000 - 0x00007ff83131b000 	C:\Windows\SYSTEM32\USERENV.dll
0x00007ff831de0000 - 0x00007ff831e06000 	C:\Windows\SYSTEM32\bcrypt.dll
0x00007ff8314f0000 - 0x00007ff8314fc000 	C:\Windows\SYSTEM32\CRYPTBASE.dll
0x00007ff8306b0000 - 0x00007ff8306e4000 	C:\Windows\SYSTEM32\IPHLPAPI.DLL
0x00007ff8345b0000 - 0x00007ff8345ba000 	C:\Windows\System32\NSI.dll
0x00007ff807c40000 - 0x00007ff807c89000 	C:\Users\Abdul\AppData\Local\Temp\jna-63048218\jna5549772229993570967.dll
0x00007ff834d10000 - 0x00007ff834d18000 	C:\Windows\System32\PSAPI.DLL

JVMTI agents:
c:\Users\Abdul\.vscode\extensions\redhat.java-1.46.0-win32-x64\lombok\lombok-1.18.39-4050.jar path:c:\Users\Abdul\.vscode\extensions\redhat.java-1.46.0-win32-x64\jre\21.0.8-win32-x86_64\bin\instrument.dll, loaded, initialized, instrumentlib options:none

dbghelp: loaded successfully - version: 4.0.5 - missing functions: none
symbol engine: initialized successfully - sym options: 0x614 - pdb path: .;c:\Users\Abdul\.vscode\extensions\redhat.java-1.46.0-win32-x64\jre\21.0.8-win32-x86_64\bin;C:\Windows\SYSTEM32;C:\Windows\WinSxS\amd64_microsoft.windows.common-controls_6595b64144ccf1df_6.0.26100.5074_none_3e0d6f78e32fd63f;c:\Users\Abdul\.vscode\extensions\redhat.java-1.46.0-win32-x64\jre\21.0.8-win32-x86_64\bin\server;C:\Users\Abdul\AppData\Roaming\Code\User\globalStorage\redhat.java\1.46.0\config_win\org.eclipse.equinox.launcher\org.eclipse.equinox.launcher.win32.win32.x86_64_1.2.1400.v20250801-0854;C:\Users\Abdul\AppData\Local\Temp\jna-63048218

VM Arguments:
jvm_args: --add-modules=ALL-SYSTEM --add-opens=java.base/java.util=ALL-UNNAMED --add-opens=java.base/java.lang=ALL-UNNAMED --add-opens=java.base/sun.nio.fs=ALL-UNNAMED -Declipse.application=org.eclipse.jdt.ls.core.id1 -Dosgi.bundles.defaultStartLevel=4 -Declipse.product=org.eclipse.jdt.ls.core.product -Djava.import.generatesMetadataFilesAtProjectRoot=false -DDetectVMInstallationsJob.disabled=true -Dfile.encoding=utf8 -XX:+UseParallelGC -XX:GCTimeRatio=4 -XX:AdaptiveSizePolicyWeight=90 -Dsun.zip.disableMemoryMapping=true -Xmx2G -Xms100m -Xlog:disable -javaagent:c:\Users\Abdul\.vscode\extensions\redhat.java-1.46.0-win32-x64\lombok\lombok-1.18.39-4050.jar -XX:+HeapDumpOnOutOfMemoryError -XX:HeapDumpPath=c:\Users\Abdul\AppData\Roaming\Code\User\workspaceStorage\8d889403ec5712c6a65044310416f253\redhat.java -Daether.dependencyCollector.impl=bf 
java_command: c:\Users\Abdul\.vscode\extensions\redhat.java-1.46.0-win32-x64\server\plugins\org.eclipse.equinox.launcher_1.7.0.v20250519-0528.jar -configuration c:\Users\Abdul\AppData\Roaming\Code\User\globalStorage\redhat.java\1.46.0\config_win -data c:\Users\Abdul\AppData\Roaming\Code\User\workspaceStorage\8d889403ec5712c6a65044310416f253\redhat.java\jdt_ws --pipe=\\.\pipe\lsp-9c624e101b8b6c4a788845d43f46f70e-sock
java_class_path (initial): c:\Users\Abdul\.vscode\extensions\redhat.java-1.46.0-win32-x64\server\plugins\org.eclipse.equinox.launcher_1.7.0.v20250519-0528.jar
Launcher Type: SUN_STANDARD

[Global flags]
    uintx AdaptiveSizePolicyWeight                 = 90                                        {product} {command line}
     intx CICompilerCount                          = 4                                         {product} {ergonomic}
    uintx GCTimeRatio                              = 4                                         {product} {command line}
     bool HeapDumpOnOutOfMemoryError               = true                                   {manageable} {command line}
    ccstr HeapDumpPath                             = c:\Users\Abdul\AppData\Roaming\Code\User\workspaceStorage\8d889403ec5712c6a65044310416f253\redhat.java         {manageable} {command line}
   size_t InitialHeapSize                          = 104857600                                 {product} {command line}
   size_t MaxHeapSize                              = 2147483648                                {product} {command line}
   size_t MaxNewSize                               = 715653120                                 {product} {ergonomic}
   size_t MinHeapDeltaBytes                        = 524288                                    {product} {ergonomic}
   size_t MinHeapSize                              = 104857600                                 {product} {command line}
   size_t NewSize                                  = 34603008                                  {product} {ergonomic}
    uintx NonNMethodCodeHeapSize                   = 5839372                                {pd product} {ergonomic}
    uintx NonProfiledCodeHeapSize                  = 122909434                              {pd product} {ergonomic}
   size_t OldSize                                  = 70254592                                  {product} {ergonomic}
    uintx ProfiledCodeHeapSize                     = 122909434                              {pd product} {ergonomic}
    uintx ReservedCodeCacheSize                    = 251658240                              {pd product} {ergonomic}
     bool SegmentedCodeCache                       = true                                      {product} {ergonomic}
   size_t SoftMaxHeapSize                          = 2147483648                             {manageable} {ergonomic}
     bool UseCompressedOops                        = true                           {product lp64_product} {ergonomic}
     bool UseLargePagesIndividualAllocation        = false                                  {pd product} {ergonomic}
     bool UseParallelGC                            = true                                      {product} {command line}

Logging:
Log output configuration:
 #0: stdout all=off uptime,level,tags foldmultilines=false
 #1: stderr all=off uptime,level,tags foldmultilines=false

Environment Variables:
JAVA_HOME=C:\Program Files\Eclipse Adoptium\jdk-17.0.16.8-hotspot\
PATH=%SystemRoot%\system32;%SystemRoot%;%SystemRoot%\System32\Wbem;%SYSTEMROOT%\System32\WindowsPowerShell\v1.0\;C:\Program Files\Eclipse Adoptium\jdk-25.0.0.36-hotspot\bin;C:\Program Files\Eclipse Adoptium\jdk-17.0.16.8-hotspot\bin;C:\Program Files\Amazon Corretto\jdk25.0.0_36\bin;C:\Windows\System32\OpenSSH\;C:\Users\Abdul\AppData\Local\Microsoft\WindowsApps;C:\Users\Abdul\AppData\Local\Programs\Microsoft VS Code\bin
USERNAME=Abdul
OS=Windows_NT
PROCESSOR_IDENTIFIER=AMD64 Family 25 Model 80 Stepping 0, AuthenticAMD
TMP=C:\Users\Abdul\AppData\Local\Temp
TEMP=C:\Users\Abdul\AppData\Local\Temp




Periodic native trim disabled

---------------  S Y S T E M  ---------------

OS:
 Windows 11 , 64 bit Build 26100 (10.0.26100.5074)
OS uptime: 2 days 23:51 hours
Hyper-V role detected

CPU: total 12 (initial active 12) (12 cores per cpu, 2 threads per core) family 25 model 80 stepping 0 microcode 0xa500014, cx8, cmov, fxsr, ht, mmx, 3dnowpref, sse, sse2, sse3, ssse3, sse4a, sse4.1, sse4.2, popcnt, lzcnt, tsc, tscinvbit, avx, avx2, aes, erms, clmul, bmi1, bmi2, adx, sha, fma, vzeroupper, clflush, clflushopt, hv, rdtscp, rdpid, fsrm, f16c, cet_ss
Processor Information for processor 0
  Max Mhz: 2301, Current Mhz: 2301, Mhz Limit: 2301
Processor Information for processor 1
  Max Mhz: 2301, Current Mhz: 2010, Mhz Limit: 2301
Processor Information for processor 2
  Max Mhz: 2301, Current Mhz: 2010, Mhz Limit: 2301
Processor Information for processor 3
  Max Mhz: 2301, Current Mhz: 2301, Mhz Limit: 2301
Processor Information for processor 4
  Max Mhz: 2301, Current Mhz: 2010, Mhz Limit: 2301
Processor Information for processor 5
  Max Mhz: 2301, Current Mhz: 2301, Mhz Limit: 2301
Processor Information for processor 6
  Max Mhz: 2301, Current Mhz: 2301, Mhz Limit: 2301
Processor Information for processor 7
  Max Mhz: 2301, Current Mhz: 2010, Mhz Limit: 2301
Processor Information for processor 8
  Max Mhz: 2301, Current Mhz: 2301, Mhz Limit: 2301
Processor Information for processor 9
  Max Mhz: 2301, Current Mhz: 2301, Mhz Limit: 2301
Processor Information for processor 10
  Max Mhz: 2301, Current Mhz: 2010, Mhz Limit: 2301
Processor Information for processor 11
  Max Mhz: 2301, Current Mhz: 2301, Mhz Limit: 2301

Memory: 4k page, system-wide physical 14173M (4584M free)
TotalPageFile size 16840M (AvailPageFile size 4M)
current process WorkingSet (physical memory assigned to process): 178M, peak: 178M
current process commit charge ("private bytes"): 314M, peak: 314M

vm_info: OpenJDK 64-Bit Server VM (21.0.8+9-LTS) for windows-amd64 JRE (21.0.8+9-LTS), built on 2025-07-15T00:00:00Z by "admin" with MS VC++ 17.7 (VS2022)

END.
